2022-05-23 11:34:15,231 |           flt.pandoc |    ERROR | Traceback (most recent call last):
  File "/usr/local/lib/python3.8/dist-packages/foliant/backends/pandoc.py", line 296, in _build_flat
    run(command, shell=True, check=True, stdout=PIPE, stderr=STDOUT)
  File "/usr/lib/python3.8/subprocess.py", line 512, in run
    raise CalledProcessError(retcode, process.args,
subprocess.CalledProcessError: Command 'pandoc --output "Stingray-2022-05-23.docx"    -f markdown __folianttmp__/__all__.md' returned non-zero exit status 1.

During handling of the above exception, another exception occurred:

Traceback (most recent call last):
  File "/usr/local/lib/python3.8/dist-packages/foliant/utils.py", line 158, in spinner
    yield
  File "/usr/local/lib/python3.8/dist-packages/foliant/backends/pandoc.py", line 382, in make
    result.append(self._build_flat(target))
  File "/usr/local/lib/python3.8/dist-packages/foliant/backends/pandoc.py", line 301, in _build_flat
    raise RuntimeError(f'Build failed: {exception.output.decode()}')
RuntimeError: Build failed: pandoc: Stingray-2022-05-23.docx: openBinaryFile: permission denied (Permission denied)


2022-05-23 11:34:15,317 |                  flt | CRITICAL | No result returned by backend
